2020-01-27 01:36:40,437 INFO fetch a url and parse. https://www.ilna.news  |  False
2020-01-27 01:36:40,585 INFO fetch a url and parse. https://www.irna.ir  |  False
2020-01-27 01:36:40,773 INFO fetch a url and parse. https://www.mashreghnews.ir  |  False
2020-01-27 01:36:40,943 INFO fetch a url and parse. https://www.mehrnews.com  |  False
2020-01-27 01:36:44,234 INFO fetch a url and parse. https://www.ilna.news/fa/tiny/news-860815  |  False
2020-01-27 01:36:44,871 INFO fetch a url and parse. https://www.tarafdari.com/static/page/taxonomy/all/feed.xml  |  False
2020-01-27 01:36:47,457 INFO fetch a url and parse. https://www.ilna.news/fa/tiny/news-864718  |  False
2020-01-27 01:36:48,247 INFO fetch a url and parse. https://www.tarafdari.com/node/1521974  |  False
2020-01-27 01:36:50,502 INFO fetch a url and parse. https://www.ilna.news/fa/tiny/news-864717  |  False
2020-01-27 01:36:51,673 INFO fetch a url and parse. https://www.tarafdari.com/node/1521970  |  False
2020-01-27 01:36:53,959 INFO fetch a url and parse. http://www.rajanews.com/node/333643  |  False
2020-01-27 01:36:54,204 INFO fetch a url and parse. https://www.ilna.news/fa/tiny/news-864715  |  True
2020-01-27 01:38:36,384 INFO fetch a url and parse. http://www.rajanews.com/node/333643  |  False
2020-01-27 01:38:36,709 INFO fetch a url and parse. https://www.ilna.news  |  False
2020-01-27 01:38:36,883 INFO fetch a url and parse. https://www.irna.ir  |  False
2020-01-27 01:38:37,128 INFO fetch a url and parse. https://www.mashreghnews.ir  |  False
2020-01-27 01:38:37,304 INFO fetch a url and parse. https://www.mehrnews.com  |  False
2020-01-27 01:38:37,363 INFO fetch a url and parse. https://www.tarafdari.com/static/page/taxonomy/all/feed.xml  |  True
2020-01-27 01:38:39,236 INFO fetch a url and parse. http://khorasannews.com/Newspaper/Page/20304/10/685922/0  |  False
2020-01-27 01:38:43,199 INFO fetch a url and parse. http://www.rajanews.com/node/333755  |  False
2020-01-27 01:38:43,544 INFO fetch a url and parse. https://www.ilna.news/fa/tiny/news-860815  |  False
2020-01-27 01:38:44,104 INFO fetch a url and parse. https://www.tarafdari.com/node/1521978  |  False
