2020-01-27 01:36:38,438 INFO url extracted and put to back queues. https://www.irna.ir/rss  |  31
2020-01-27 01:36:38,991 INFO url extracted and put to back queues. https://www.ilna.news/feeds/  |  31
2020-01-27 01:36:39,418 INFO url extracted and put to back queues. https://www.mehrnews.com/rss  |  31
2020-01-27 01:36:39,748 INFO url extracted and put to back queues. https://www.mashreghnews.ir/rss  |  31
2020-01-27 01:36:39,863 INFO url extracted and put to back queues. https://www.mehrnews.com/rss  |  0
2020-01-27 01:36:44,427 INFO url extracted and put to back queues. https://www.tarafdari.com/category/all/all/feed.xml  |  11
2020-01-27 01:36:47,509 INFO url extracted and put to back queues. https://www.tarafdari.com/category/all/all/feed.xml  |  0
2020-01-27 01:36:48,632 INFO url extracted and put to back queues. https://www.tarafdari.com/category/all/all/feed.xml  |  0
2020-01-27 01:36:48,937 INFO url extracted and put to back queues. https://www.irna.ir/rss  |  0
2020-01-27 01:36:49,040 INFO url extracted and put to back queues. https://www.mehrnews.com/rss  |  0
2020-01-27 01:36:49,105 INFO url extracted and put to back queues. https://www.mashreghnews.ir/rss  |  0
2020-01-27 01:36:50,090 INFO url extracted and put to back queues. https://www.tarafdari.com/category/all/all/feed.xml  |  0
2020-01-27 01:36:51,057 INFO url extracted and put to back queues. https://www.tarafdari.com/category/all/all/feed.xml  |  0
2020-01-27 01:36:52,370 INFO url extracted and put to back queues. https://www.tarafdari.com/category/all/all/feed.xml  |  0
2020-01-27 01:36:52,668 INFO url extracted and put to back queues. https://www.irna.ir/rss  |  0
2020-01-27 01:36:52,738 INFO url extracted and put to back queues. https://www.mehrnews.com/rss  |  0
2020-01-27 01:36:52,819 INFO url extracted and put to back queues. https://www.mashreghnews.ir/rss  |  0
2020-01-27 01:36:53,367 INFO url extracted and put to back queues. http://www.rajanews.com/rss/all  |  25
2020-01-27 01:36:53,629 INFO url extracted and put to back queues. https://www.tarafdari.com/category/all/all/feed.xml  |  0
2020-01-27 01:38:05,092 INFO url extracted and put to back queues. https://www.irna.ir/rss  |  31
2020-01-27 01:38:05,194 INFO url extracted and put to back queues. https://www.ilna.news/feeds/  |  31
2020-01-27 01:38:05,222 INFO url extracted and put to back queues. http://www.rajanews.com/rss/all  |  25
2020-01-27 01:38:05,293 INFO url extracted and put to back queues. https://www.mashreghnews.ir/rss  |  31
2020-01-27 01:38:05,326 INFO url extracted and put to back queues. https://www.mehrnews.com/rss  |  31
2020-01-27 01:38:05,456 INFO url extracted and put to back queues. https://www.mehrnews.com/rss  |  0
2020-01-27 01:38:06,530 INFO url extracted and put to back queues. https://www.tarafdari.com/category/all/all/feed.xml  |  11
2020-01-27 01:38:06,987 INFO url extracted and put to back queues. https://www.tarafdari.com/category/all/all/feed.xml  |  0
2020-01-27 01:38:07,504 INFO url extracted and put to back queues. https://www.tarafdari.com/category/all/all/feed.xml  |  0
2020-01-27 01:38:08,034 INFO url extracted and put to back queues. https://www.tarafdari.com/category/all/all/feed.xml  |  0
2020-01-27 01:38:08,121 INFO url extracted and put to back queues. https://www.irna.ir/rss  |  0
2020-01-27 01:38:08,208 INFO url extracted and put to back queues. https://www.ilna.news/feeds/  |  0
2020-01-27 01:38:08,280 INFO url extracted and put to back queues. http://khorasannews.com/newspaper/feed  |  106
2020-01-27 01:38:08,288 INFO url extracted and put to back queues. https://www.mashreghnews.ir/rss  |  0
2020-01-27 01:38:08,352 INFO url extracted and put to back queues. https://www.mashreghnews.ir/rss  |  0
2020-01-27 01:38:08,394 INFO url extracted and put to back queues. https://www.mehrnews.com/rss  |  0
2020-01-27 01:38:09,633 INFO url extracted and put to back queues. https://www.tarafdari.com/category/all/all/feed.xml  |  0
2020-01-27 01:38:10,340 INFO url extracted and put to back queues. https://www.tarafdari.com/category/all/all/feed.xml  |  0
2020-01-27 01:38:10,365 INFO url extracted and put to back queues. http://khorasannews.com/newspaper/feed  |  0
2020-01-27 01:38:10,849 INFO url extracted and put to back queues. https://www.tarafdari.com/category/all/all/feed.xml  |  0
2020-01-27 01:38:10,946 INFO url extracted and put to back queues. https://www.mashreghnews.ir/rss  |  0
2020-01-27 01:38:11,054 INFO url extracted and put to back queues. https://www.mehrnews.com/rss  |  0
2020-01-27 01:38:11,129 INFO url extracted and put to back queues. https://www.irna.ir/rss  |  0
2020-01-27 01:38:11,211 INFO url extracted and put to back queues. https://www.ilna.news/feeds/  |  0
2020-01-27 01:38:11,280 INFO url extracted and put to back queues. https://www.irna.ir/rss  |  0
2020-01-27 01:38:11,295 INFO url extracted and put to back queues. http://khorasannews.com/newspaper/feed  |  0
2020-01-27 01:38:11,311 INFO url extracted and put to back queues. http://khorasannews.com/newspaper/feed  |  0
2020-01-27 01:38:11,327 INFO url extracted and put to back queues. http://khorasannews.com/newspaper/feed  |  0
2020-01-27 01:38:11,342 INFO url extracted and put to back queues. http://khorasannews.com/newspaper/feed  |  0
2020-01-27 01:38:11,700 INFO url extracted and put to back queues. http://www.rajanews.com/rss/all  |  0
2020-01-27 01:38:11,773 INFO url extracted and put to back queues. https://www.mashreghnews.ir/rss  |  0
2020-01-27 01:38:11,884 INFO url extracted and put to back queues. https://www.mehrnews.com/rss  |  0
2020-01-27 01:38:11,968 INFO url extracted and put to back queues. https://www.ilna.news/feeds/  |  0
2020-01-27 01:38:35,049 INFO url extracted and put to back queues. http://www.rajanews.com/rss/all  |  25
2020-01-27 01:38:35,151 INFO url extracted and put to back queues. https://www.ilna.news/feeds/  |  31
2020-01-27 01:38:35,219 INFO url extracted and put to back queues. https://www.irna.ir/rss  |  31
2020-01-27 01:38:35,256 INFO url extracted and put to back queues. https://www.mehrnews.com/rss  |  31
2020-01-27 01:38:35,281 INFO url extracted and put to back queues. https://www.mashreghnews.ir/rss  |  31
2020-01-27 01:38:35,355 INFO url extracted and put to back queues. https://www.mehrnews.com/rss  |  0
2020-01-27 01:38:36,027 INFO url extracted and put to back queues. https://www.tarafdari.com/category/all/all/feed.xml  |  11
2020-01-27 01:38:36,073 INFO url extracted and put to back queues. https://www.tarafdari.com/category/all/all/feed.xml  |  0
2020-01-27 01:38:36,904 INFO url extracted and put to back queues. https://www.tarafdari.com/category/all/all/feed.xml  |  0
2020-01-27 01:38:37,080 INFO url extracted and put to back queues. https://www.tarafdari.com/category/all/all/feed.xml  |  0
2020-01-27 01:38:37,144 INFO url extracted and put to back queues. http://khorasannews.com/newspaper/feed  |  106
2020-01-27 01:38:37,227 INFO url extracted and put to back queues. https://www.irna.ir/rss  |  0
2020-01-27 01:38:37,241 INFO url extracted and put to back queues. https://www.ilna.news/feeds/  |  0
2020-01-27 01:38:37,347 INFO url extracted and put to back queues. https://www.mashreghnews.ir/rss  |  0
2020-01-27 01:38:37,365 INFO url extracted and put to back queues. https://www.mehrnews.com/rss  |  0
2020-01-27 01:38:37,650 INFO url extracted and put to back queues. https://www.mashreghnews.ir/rss  |  0
2020-01-27 01:38:38,026 INFO url extracted and put to back queues. https://www.tarafdari.com/category/all/all/feed.xml  |  0
2020-01-27 01:38:38,526 INFO url extracted and put to back queues. https://www.tarafdari.com/category/all/all/feed.xml  |  0
2020-01-27 01:38:38,997 INFO url extracted and put to back queues. https://www.tarafdari.com/category/all/all/feed.xml  |  0
2020-01-27 01:38:39,336 INFO url extracted and put to back queues. https://www.tarafdari.com/category/all/all/feed.xml  |  0
2020-01-27 01:38:39,361 INFO url extracted and put to back queues. http://www.rajanews.com/rss/all  |  0
2020-01-27 01:38:39,481 INFO url extracted and put to back queues. https://www.irna.ir/rss  |  0
2020-01-27 01:38:39,503 INFO url extracted and put to back queues. https://www.ilna.news/feeds/  |  0
2020-01-27 01:38:39,606 INFO url extracted and put to back queues. https://www.mehrnews.com/rss  |  0
2020-01-27 01:38:39,728 INFO url extracted and put to back queues. https://www.mehrnews.com/rss  |  0
2020-01-27 01:38:39,805 INFO url extracted and put to back queues. https://www.mashreghnews.ir/rss  |  0
2020-01-27 01:38:39,829 INFO url extracted and put to back queues. http://khorasannews.com/newspaper/feed  |  0
2020-01-27 01:38:39,851 INFO url extracted and put to back queues. http://khorasannews.com/newspaper/feed  |  0
2020-01-27 01:38:39,870 INFO url extracted and put to back queues. http://khorasannews.com/newspaper/feed  |  0
2020-01-27 01:38:40,010 INFO url extracted and put to back queues. http://khorasannews.com/newspaper/feed  |  0
2020-01-27 01:38:40,136 INFO url extracted and put to back queues. https://www.irna.ir/rss  |  0
2020-01-27 01:38:40,196 INFO url extracted and put to back queues. https://www.tarafdari.com/category/all/all/feed.xml  |  0
2020-01-27 01:38:40,245 INFO url extracted and put to back queues. https://www.irna.ir/rss  |  0
2020-01-27 01:38:40,283 INFO url extracted and put to back queues. https://www.mashreghnews.ir/rss  |  0
2020-01-27 01:38:40,327 INFO url extracted and put to back queues. https://www.mashreghnews.ir/rss  |  0
2020-01-27 01:38:40,351 INFO url extracted and put to back queues. http://khorasannews.com/newspaper/feed  |  0
2020-01-27 01:38:40,374 INFO url extracted and put to back queues. https://www.mashreghnews.ir/rss  |  0
2020-01-27 01:38:40,379 INFO url extracted and put to back queues. http://khorasannews.com/newspaper/feed  |  0
2020-01-27 01:38:40,488 INFO url extracted and put to back queues. http://khorasannews.com/newspaper/feed  |  0
2020-01-27 01:38:40,634 INFO url extracted and put to back queues. http://khorasannews.com/newspaper/feed  |  0
2020-01-27 01:38:40,692 INFO url extracted and put to back queues. http://khorasannews.com/newspaper/feed  |  0
2020-01-27 01:38:40,745 INFO url extracted and put to back queues. https://www.irna.ir/rss  |  0
2020-01-27 01:38:40,840 INFO url extracted and put to back queues. https://www.mashreghnews.ir/rss  |  0
2020-01-27 01:38:40,847 INFO url extracted and put to back queues. https://www.irna.ir/rss  |  0
2020-01-27 01:38:40,925 INFO url extracted and put to back queues. https://www.mashreghnews.ir/rss  |  0
2020-01-27 01:38:40,932 INFO url extracted and put to back queues. https://www.mashreghnews.ir/rss  |  0
2020-01-27 01:38:40,971 INFO url extracted and put to back queues. http://khorasannews.com/newspaper/feed  |  0
2020-01-27 01:38:40,973 INFO url extracted and put to back queues. http://khorasannews.com/newspaper/feed  |  0
2020-01-27 01:38:41,005 INFO url extracted and put to back queues. http://khorasannews.com/newspaper/feed  |  0
2020-01-27 01:38:41,149 INFO url extracted and put to back queues. http://khorasannews.com/newspaper/feed  |  0
2020-01-27 01:38:41,275 INFO url extracted and put to back queues. https://www.irna.ir/rss  |  0
2020-01-27 01:38:41,390 INFO url extracted and put to back queues. https://www.irna.ir/rss  |  0
2020-01-27 01:38:41,464 INFO url extracted and put to back queues. https://www.mashreghnews.ir/rss  |  0
2020-01-27 01:38:41,991 INFO url extracted and put to back queues. http://khorasannews.com/newspaper/feed  |  0
2020-01-27 01:38:42,048 INFO url extracted and put to back queues. https://www.mashreghnews.ir/rss  |  0
2020-01-27 01:38:42,128 INFO url extracted and put to back queues. http://khorasannews.com/newspaper/feed  |  0
2020-01-27 01:38:42,153 INFO url extracted and put to back queues. http://khorasannews.com/newspaper/feed  |  0
2020-01-27 01:38:42,171 INFO url extracted and put to back queues. http://khorasannews.com/newspaper/feed  |  0
2020-01-27 01:38:42,186 INFO url extracted and put to back queues. http://khorasannews.com/newspaper/feed  |  0
2020-01-27 01:38:42,304 INFO url extracted and put to back queues. http://khorasannews.com/newspaper/feed  |  0
2020-01-27 01:38:42,422 INFO url extracted and put to back queues. https://www.irna.ir/rss  |  0
2020-01-27 01:38:42,528 INFO url extracted and put to back queues. https://www.irna.ir/rss  |  0
2020-01-27 01:38:42,583 INFO url extracted and put to back queues. https://www.mashreghnews.ir/rss  |  0
2020-01-27 01:38:42,621 INFO url extracted and put to back queues. https://www.mashreghnews.ir/rss  |  0
2020-01-27 01:38:42,666 INFO url extracted and put to back queues. https://www.mashreghnews.ir/rss  |  0
2020-01-27 01:38:42,704 INFO url extracted and put to back queues. https://www.mashreghnews.ir/rss  |  0
2020-01-27 01:38:42,708 INFO url extracted and put to back queues. http://khorasannews.com/newspaper/feed  |  0
2020-01-27 01:38:42,731 INFO url extracted and put to back queues. http://khorasannews.com/newspaper/feed  |  0
2020-01-27 01:38:42,737 INFO url extracted and put to back queues. http://khorasannews.com/newspaper/feed  |  0
2020-01-27 01:38:42,782 INFO url extracted and put to back queues. http://khorasannews.com/newspaper/feed  |  0
2020-01-27 01:38:42,864 INFO url extracted and put to back queues. http://khorasannews.com/newspaper/feed  |  0
2020-01-27 01:38:42,976 INFO url extracted and put to back queues. https://www.mashreghnews.ir/rss  |  0
2020-01-27 01:38:42,987 INFO url extracted and put to back queues. https://www.irna.ir/rss  |  0
2020-01-27 01:38:43,057 INFO url extracted and put to back queues. https://www.mashreghnews.ir/rss  |  0
2020-01-27 01:38:43,086 INFO url extracted and put to back queues. http://khorasannews.com/newspaper/feed  |  0
2020-01-27 01:38:43,120 INFO url extracted and put to back queues. https://www.mashreghnews.ir/rss  |  0
2020-01-27 01:38:43,187 INFO url extracted and put to back queues. http://khorasannews.com/newspaper/feed  |  0
2020-01-27 01:38:43,215 INFO url extracted and put to back queues. http://khorasannews.com/newspaper/feed  |  0
2020-01-27 01:38:43,322 INFO url extracted and put to back queues. http://khorasannews.com/newspaper/feed  |  0
2020-01-27 01:38:43,332 INFO url extracted and put to back queues. http://khorasannews.com/newspaper/feed  |  0
2020-01-27 01:38:43,423 INFO url extracted and put to back queues. https://www.irna.ir/rss  |  0
2020-01-27 01:38:43,466 INFO url extracted and put to back queues. https://www.irna.ir/rss  |  0
2020-01-27 01:38:43,562 INFO url extracted and put to back queues. https://www.mashreghnews.ir/rss  |  0
2020-01-27 01:38:43,618 INFO url extracted and put to back queues. https://www.mashreghnews.ir/rss  |  0
2020-01-27 01:38:43,655 INFO url extracted and put to back queues. https://www.mashreghnews.ir/rss  |  0
2020-01-27 01:38:43,667 INFO url extracted and put to back queues. http://khorasannews.com/newspaper/feed  |  0
2020-01-27 01:38:43,704 INFO url extracted and put to back queues. http://khorasannews.com/newspaper/feed  |  0
2020-01-27 01:38:43,733 INFO url extracted and put to back queues. http://khorasannews.com/newspaper/feed  |  0
2020-01-27 01:38:43,737 INFO url extracted and put to back queues. http://khorasannews.com/newspaper/feed  |  0
2020-01-27 01:38:43,857 INFO url extracted and put to back queues. http://khorasannews.com/newspaper/feed  |  0
2020-01-27 01:38:43,920 INFO url extracted and put to back queues. https://www.mashreghnews.ir/rss  |  0
2020-01-27 01:38:43,931 INFO url extracted and put to back queues. https://www.mashreghnews.ir/rss  |  0
2020-01-27 01:38:43,981 INFO url extracted and put to back queues. http://khorasannews.com/newspaper/feed  |  0
2020-01-27 01:38:44,032 INFO url extracted and put to back queues. http://khorasannews.com/newspaper/feed  |  0
2020-01-27 01:38:44,035 INFO url extracted and put to back queues. https://www.mashreghnews.ir/rss  |  0
2020-01-27 01:38:44,056 INFO url extracted and put to back queues. http://khorasannews.com/newspaper/feed  |  0
2020-01-27 01:38:44,058 INFO url extracted and put to back queues. http://khorasannews.com/newspaper/feed  |  0
2020-01-27 01:38:44,176 INFO url extracted and put to back queues. http://khorasannews.com/newspaper/feed  |  0
2020-01-27 01:38:44,242 INFO url extracted and put to back queues. https://www.mashreghnews.ir/rss  |  0
2020-01-27 01:38:44,252 INFO url extracted and put to back queues. https://www.mashreghnews.ir/rss  |  0
2020-01-27 01:38:44,288 INFO url extracted and put to back queues. http://khorasannews.com/newspaper/feed  |  0
2020-01-27 01:38:44,313 INFO url extracted and put to back queues. http://khorasannews.com/newspaper/feed  |  0
2020-01-27 01:38:44,339 INFO url extracted and put to back queues. http://khorasannews.com/newspaper/feed  |  0
2020-01-27 01:38:44,364 INFO url extracted and put to back queues. https://www.mashreghnews.ir/rss  |  0
2020-01-27 01:38:44,398 INFO url extracted and put to back queues. http://khorasannews.com/newspaper/feed  |  0
2020-01-27 01:38:44,489 INFO url extracted and put to back queues. http://khorasannews.com/newspaper/feed  |  0
2020-01-27 01:38:44,578 INFO url extracted and put to back queues. https://www.mashreghnews.ir/rss  |  0
2020-01-27 01:38:44,678 INFO url extracted and put to back queues. https://www.irna.ir/rss  |  0
2020-01-27 01:38:44,700 INFO url extracted and put to back queues. https://www.mashreghnews.ir/rss  |  0
2020-01-27 01:38:44,721 INFO url extracted and put to back queues. http://khorasannews.com/newspaper/feed  |  0
2020-01-27 01:38:44,755 INFO url extracted and put to back queues. http://khorasannews.com/newspaper/feed  |  0
2020-01-27 01:38:44,779 INFO url extracted and put to back queues. http://khorasannews.com/newspaper/feed  |  0
2020-01-27 01:38:44,784 INFO url extracted and put to back queues. https://www.mashreghnews.ir/rss  |  0
2020-01-27 01:38:44,803 INFO url extracted and put to back queues. http://khorasannews.com/newspaper/feed  |  0
2020-01-27 01:38:45,019 INFO url extracted and put to back queues. https://www.mashreghnews.ir/rss  |  0
2020-01-27 01:38:45,103 INFO url extracted and put to back queues. https://www.mashreghnews.ir/rss  |  0
2020-01-27 01:38:45,321 INFO url extracted and put to back queues. https://www.tarafdari.com/category/all/all/feed.xml  |  0
2020-01-27 01:38:45,344 INFO url extracted and put to back queues. http://khorasannews.com/newspaper/feed  |  0
2020-01-27 01:38:45,367 INFO url extracted and put to back queues. http://khorasannews.com/newspaper/feed  |  0
2020-01-27 01:38:45,387 INFO url extracted and put to back queues. http://khorasannews.com/newspaper/feed  |  0
2020-01-27 01:38:45,413 INFO url extracted and put to back queues. https://www.mashreghnews.ir/rss  |  0
2020-01-27 01:38:45,418 INFO url extracted and put to back queues. http://khorasannews.com/newspaper/feed  |  0
